#
# There is insufficient memory for the Java Runtime Environment to continue.
# Native memory allocation (mmap) failed to map 53477376 bytes for Failed to commit area from 0x0000000711e00000 to 0x0000000715100000 of length 53477376.
# Possible reasons:
#   The system is out of physical RAM or swap space
#   The process is running with CompressedOops enabled, and the Java Heap may be blocking the growth of the native heap
# Possible solutions:
#   Reduce memory load on the system
#   Increase physical memory or swap space
#   Check if swap backing store is full
#   Decrease Java heap size (-Xmx/-Xms)
#   Decrease number of Java threads
#   Decrease Java thread stack sizes (-Xss)
#   Set larger code cache with -XX:ReservedCodeCacheSize=
#   JVM is running with Zero Based Compressed Oops mode in which the Java heap is
#     placed in the first 32GB address space. The Java Heap base address is the
#     maximum limit for the native heap growth. Please use -XX:HeapBaseMinAddress
#     to set the Java Heap base and to place the Java Heap above 32GB virtual address.
# This output file may be truncated or incomplete.
#
#  Out of Memory Error (./src/hotspot/os/windows/os_windows.cpp:3386), pid=3376, tid=3832
#
# JRE version: OpenJDK Runtime Environment Corretto-11.0.17.8.1 (11.0.17+8) (build 11.0.17+8-LTS)
# Java VM: OpenJDK 64-Bit Server VM Corretto-11.0.17.8.1 (11.0.17+8-LTS, mixed mode, tiered, compressed oops, g1 gc, windows-amd64)
# No core dump will be written. Minidumps are not enabled by default on client versions of Windows
#

---------------  S U M M A R Y ------------

Command Line: -javaagent:D:\IDE\IntelliJ IDEA Community Edition 2022.2.1\lib\idea_rt.jar=58219:D:\IDE\IntelliJ IDEA Community Edition 2022.2.1\bin -Dfile.encoding=UTF-8 net.bot.RiceBot.RiceBotApplication

Host: 11th Gen Intel(R) Core(TM) i5-11400F @ 2.60GHz, 12 cores, 15G,  Windows 10 , 64 bit Build 19041 (10.0.19041.2364)
Time: Tue Feb 14 21:17:46 2023 RTZ 2 (s 10 , 64 bit Build 19041 (10.0.19041.2364) elapsed time: 2.729155 seconds (0d 0h 0m 2s)

---------------  T H R E A D  ---------------

Current thread (0x000001c7a47b5800):  VMThread "VM Thread" [stack: 0x0000005afda00000,0x0000005afdb00000] [id=3832]

Stack: [0x0000005afda00000,0x0000005afdb00000]
[error occurred during error reporting (printing stack bounds), id 0xc0000005, EXCEPTION_ACCESS_VIOLATION (0xc0000005) at pc=0x000001c7886c12e7]

Native frames: (J=compiled Java code, j=interpreted, Vv=VM code, C=native code)
V  [jvm.dll+0x61f66a]
V  [jvm.dll+0x7ac889]
V  [jvm.dll+0x7adf78]
V  [jvm.dll+0x7ae5b5]
V  [jvm.dll+0x7ae56b]
V  [jvm.dll+0x61e9f7]
V  [jvm.dll+0x61f108]
C  [ntdll.dll+0xa241f]
C  [ntdll.dll+0x514a4]
C  [ntdll.dll+0xa0f4e]
C  0x000001c7886c12e7

VM_Operation (0x0000005afd4fc180): G1CollectForAllocation, mode: safepoint, requested by thread 0x000001c7f9ef3000


---------------  P R O C E S S  ---------------

Threads class SMR info:
_java_thread_list=0x000001c7aa019470, length=19, elements={
0x000001c7f9ef3000, 0x000001c7a47b6800, 0x000001c7a47bf800, 0x000001c7a50c8800,
0x000001c7a50cb000, 0x000001c7a50cd000, 0x000001c7a50cf000, 0x000001c7a50dd000,
0x000001c7a50e8800, 0x000001c7a5259800, 0x000001c7a5276000, 0x000001c7a5973000,
0x000001c7a5c3f800, 0x000001c7aa147000, 0x000001c7a6e48000, 0x000001c7a95c6800,
0x000001c7a7fe0800, 0x000001c7a9691000, 0x000001c7abade800
}

Java Threads: ( => current thread )
  0x000001c7f9ef3000 JavaThread "main" [_thread_blocked, id=6940, stack(0x0000005afd400000,0x0000005afd500000)]
  0x000001c7a47b6800 JavaThread "Reference Handler" daemon [_thread_blocked, id=14144, stack(0x0000005afdb00000,0x0000005afdc00000)]
  0x000001c7a47bf800 JavaThread "Finalizer" daemon [_thread_blocked, id=6556, stack(0x0000005afdc00000,0x0000005afdd00000)]
  0x000001c7a50c8800 JavaThread "Signal Dispatcher" daemon [_thread_blocked, id=12836, stack(0x0000005afdd00000,0x0000005afde00000)]
  0x000001c7a50cb000 JavaThread "Attach Listener" daemon [_thread_blocked, id=10916, stack(0x0000005afde00000,0x0000005afdf00000)]
  0x000001c7a50cd000 JavaThread "Service Thread" daemon [_thread_blocked, id=12196, stack(0x0000005afdf00000,0x0000005afe000000)]
  0x000001c7a50cf000 JavaThread "C2 CompilerThread0" daemon [_thread_blocked, id=8836, stack(0x0000005afe000000,0x0000005afe100000)]
  0x000001c7a50dd000 JavaThread "C1 CompilerThread0" daemon [_thread_blocked, id=14960, stack(0x0000005afe100000,0x0000005afe200000)]
  0x000001c7a50e8800 JavaThread "Sweeper thread" daemon [_thread_blocked, id=1500, stack(0x0000005afe200000,0x0000005afe300000)]
  0x000001c7a5259800 JavaThread "Common-Cleaner" daemon [_thread_blocked, id=9368, stack(0x0000005afe300000,0x0000005afe400000)]
  0x000001c7a5276000 JavaThread "C2 CompilerThread1" daemon [_thread_blocked, id=10944, stack(0x0000005afe400000,0x0000005afe500000)]
  0x000001c7a5973000 JavaThread "Monitor Ctrl-Break" daemon [_thread_in_native, id=608, stack(0x0000005afe500000,0x0000005afe600000)]
  0x000001c7a5c3f800 JavaThread "C2 CompilerThread2" daemon [_thread_blocked, id=9944, stack(0x0000005afe700000,0x0000005afe800000)]
  0x000001c7aa147000 JavaThread "Catalina-utility-1" [_thread_blocked, id=8944, stack(0x0000005afed00000,0x0000005afee00000)]
  0x000001c7a6e48000 JavaThread "Catalina-utility-2" [_thread_blocked, id=3692, stack(0x0000005aff000000,0x0000005aff100000)]
  0x000001c7a95c6800 JavaThread "container-0" [_thread_blocked, id=16488, stack(0x0000005aff100000,0x0000005aff200000)]
  0x000001c7a7fe0800 JavaThread "mysql-cj-abandoned-connection-cleanup" daemon [_thread_blocked, id=14224, stack(0x0000005aff200000,0x0000005aff300000)]
  0x000001c7a9691000 JavaThread "HikariPool-1 housekeeper" daemon [_thread_blocked, id=9268, stack(0x0000005aff400000,0x0000005aff500000)]
  0x000001c7abade800 JavaThread "HikariPool-1 connection adder" daemon [_thread_blocked, id=16216, stack(0x0000005aff500000,0x0000005aff600000)]

Other Threads:
=>0x000001c7a47b5800 VMThread "VM Thread" [stack: 0x0000005afda00000,0x0000005afdb00000] [id=3832]
  0x000001c7a56d8000 WatcherThread [stack: 0x0000005afe600000,0x0000005afe700000] [id=14080]
  0x000001c7f9f09800 GCTaskThread "GC Thread#0" [stack: 0x0000005afd500000,0x0000005afd600000] [id=12224]
  0x000001c7a641c800 GCTaskThread "GC Thread#1" [stack: 0x0000005afe800000,0x0000005afe900000] [id=14548]
  0x000001c7a5580800 GCTaskThread "GC Thread#2" [stack: 0x0000005afe900000,0x0000005afea00000] [id=9592]
  0x000001c7a62fa000 GCTaskThread "GC Thread#3" [stack: 0x0000005afea00000,0x0000005afeb00000] [id=8296]
  0x000001c7a62fa800 GCTaskThread "GC Thread#4" [stack: 0x0000005afeb00000,0x0000005afec00000] [id=2888]
  0x000001c7a669d800 GCTaskThread "GC Thread#5" [stack: 0x0000005afec00000,0x0000005afed00000] [id=12560]
  0x000001c7ab89f800 GCTaskThread "GC Thread#6" [stack: 0x0000005aff600000,0x0000005aff700000] [id=1656]
  0x000001c7ab081800 GCTaskThread "GC Thread#7" [stack: 0x0000005aff700000,0x0000005aff800000] [id=17380]
  0x000001c7f9f60800 ConcurrentGCThread "G1 Main Marker" [stack: 0x0000005afd600000,0x0000005afd700000] [id=9560]
  0x000001c7f9f65000 ConcurrentGCThread "G1 Conc#0" [stack: 0x0000005afd700000,0x0000005afd800000] [id=2688]
  0x000001c7a664d000 ConcurrentGCThread "G1 Conc#1" [stack: 0x0000005afee00000,0x0000005afef00000] [id=9284]
  0x000001c7a6a10000 ConcurrentGCThread "G1 Conc#2" [stack: 0x0000005afef00000,0x0000005aff000000] [id=8568]
  0x000001c7a469f000 ConcurrentGCThread "G1 Refine#0" [stack: 0x0000005afd800000,0x0000005afd900000] [id=15548]
  0x000001c7a46a0000 ConcurrentGCThread "G1 Young RemSet Sampling" [stack: 0x0000005afd900000,0x0000005afda00000] [id=9632]

Threads with active compile tasks:
C1 CompilerThread0     2737 4360       3       org.hibernate.event.service.internal.EventListenerRegistryImpl$Builder$$Lambda$790/0x00000008006a2840::apply (11 bytes)
C2 CompilerThread2     2737 4346       4       java.net.URLStreamHandler::toExternalForm (156 bytes)

VM state:at safepoint (normal execution)

VM Mutex/Monitor currently owned by a thread:  ([mutex/lock_event])
[0x000001c7f9eeea00] Threads_lock - owner thread: 0x000001c7a47b5800
[0x000001c7f9ef0350] Heap_lock - owner thread: 0x000001c7f9ef3000

Heap address: 0x0000000702000000, size: 4064 MB, Compressed Oops mode: Zero based, Oop shift amount: 3
Narrow klass base: 0x0000000800000000, Narrow klass shift: 0
Compressed class space size: 1073741824 Address: 0x0000000800000000

Heap:
 garbage-first heap   total 312320K, used 21437K [0x0000000702000000, 0x0000000800000000)
  region size 1024K, 14 young (14336K), 14 survivors (14336K)
 Metaspace       used 55212K, capacity 56528K, committed 56780K, reserved 1099776K
  class space    used 6790K, capacity 7322K, committed 7372K, reserved 1048576K
Heap Regions: E=young(eden), S=young(survivor), O=old, HS=humongous(starts), HC=humongous(continues), CS=collection set, F=free, A=archive, TAMS=top-at-mark-start (previous, next)
|   0|0x0000000702000000, 0x0000000702100000, 0x0000000702100000|100%|HS|  |TAMS 0x0000000702100000, 0x0000000702000000| Complete 
|   1|0x0000000702100000, 0x0000000702200000, 0x0000000702200000|100%| O|  |TAMS 0x0000000702200000, 0x0000000702100000| Untracked 
|   2|0x0000000702200000, 0x0000000702300000, 0x0000000702300000|100%| O|  |TAMS 0x0000000702300000, 0x0000000702200000| Untracked 
|   3|0x0000000702300000, 0x0000000702400000, 0x0000000702400000|100%| O|  |TAMS 0x0000000702400000, 0x0000000702300000| Untracked 
|   4|0x0000000702400000, 0x0000000702500000, 0x0000000702500000|100%| O|  |TAMS 0x0000000702500000, 0x0000000702400000| Untracked 
|   5|0x0000000702500000, 0x0000000702600000, 0x0000000702600000|100%| O|  |TAMS 0x0000000702600000, 0x0000000702500000| Untracked 
|   6|0x0000000702600000, 0x0000000702700000, 0x0000000702700000|100%| O|  |TAMS 0x0000000702700000, 0x0000000702600000| Untracked 
|   7|0x0000000702700000, 0x0000000702745000, 0x0000000702800000| 26%| O|  |TAMS 0x0000000702745000, 0x0000000702700000| Untracked 
|   8|0x0000000702800000, 0x0000000702800000, 0x0000000702900000|  0%| F|  |TAMS 0x0000000702800000, 0x0000000702800000| Untracked 
|   9|0x0000000702900000, 0x0000000702900000, 0x0000000702a00000|  0%| F|  |TAMS 0x0000000702900000, 0x0000000702900000| Untracked 
|  10|0x0000000702a00000, 0x0000000702a00000, 0x0000000702b00000|  0%| F|  |TAMS 0x0000000702a00000, 0x0000000702a00000| Untracked 
|  11|0x0000000702b00000, 0x0000000702b00000, 0x0000000702c00000|  0%| F|  |TAMS 0x0000000702b00000, 0x0000000702b00000| Untracked 
|  12|0x0000000702c00000, 0x0000000702c00000, 0x0000000702d00000|  0%| F|  |TAMS 0x0000000702c00000, 0x0000000702c00000| Untracked 
|  13|0x0000000702d00000, 0x0000000702d00000, 0x0000000702e00000|  0%| F|  |TAMS 0x0000000702d00000, 0x0000000702d00000| Untracked 
|  14|0x0000000702e00000, 0x0000000702e00000, 0x0000000702f00000|  0%| F|  |TAMS 0x0000000702e00000, 0x0000000702e00000| Untracked 
|  15|0x0000000702f00000, 0x0000000702f00000, 0x0000000703000000|  0%| F|  |TAMS 0x0000000702f00000, 0x0000000702f00000| Untracked 
|  16|0x0000000703000000, 0x0000000703000000, 0x0000000703100000|  0%| F|  |TAMS 0x0000000703000000, 0x0000000703000000| Untracked 
|  17|0x0000000703100000, 0x0000000703100000, 0x0000000703200000|  0%| F|  |TAMS 0x0000000703100000, 0x0000000703100000| Untracked 
|  18|0x0000000703200000, 0x0000000703200000, 0x0000000703300000|  0%| F|  |TAMS 0x0000000703200000, 0x0000000703200000| Untracked 
|  19|0x0000000703300000, 0x0000000703300000, 0x0000000703400000|  0%| F|  |TAMS 0x0000000703300000, 0x0000000703300000| Untracked 
|  20|0x0000000703400000, 0x0000000703400000, 0x0000000703500000|  0%| F|  |TAMS 0x0000000703400000, 0x0000000703400000| Untracked 
|  21|0x0000000703500000, 0x0000000703500000, 0x0000000703600000|  0%| F|  |TAMS 0x0000000703500000, 0x0000000703500000| Untracked 
|  22|0x0000000703600000, 0x0000000703600000, 0x0000000703700000|  0%| F|  |TAMS 0x0000000703600000, 0x0000000703600000| Untracked 
|  23|0x0000000703700000, 0x0000000703700000, 0x0000000703800000|  0%| F|  |TAMS 0x0000000703700000, 0x0000000703700000| Untracked 
|  24|0x0000000703800000, 0x0000000703800000, 0x0000000703900000|  0%| F|  |TAMS 0x0000000703800000, 0x0000000703800000| Untracked 
|  25|0x0000000703900000, 0x0000000703900000, 0x0000000703a00000|  0%| F|  |TAMS 0x0000000703900000, 0x0000000703900000| Untracked 
|  26|0x0000000703a00000, 0x0000000703a00000, 0x0000000703b00000|  0%| F|  |TAMS 0x0000000703a00000, 0x0000000703a00000| Untracked 
|  27|0x0000000703b00000, 0x0000000703b00000, 0x0000000703c00000|  0%| F|  |TAMS 0x0000000703b00000, 0x0000000703b00000| Untracked 
|  28|0x0000000703c00000, 0x0000000703c00000, 0x0000000703d00000|  0%| F|  |TAMS 0x0000000703c00000, 0x0000000703c00000| Untracked 
|  29|0x0000000703d00000, 0x0000000703d00000, 0x0000000703e00000|  0%| F|  |TAMS 0x0000000703d00000, 0x0000000703d00000| Untracked 
|  30|0x0000000703e00000, 0x0000000703e00000, 0x0000000703f00000|  0%| F|  |TAMS 0x0000000703e00000, 0x0000000703e00000| Untracked 
|  31|0x0000000703f00000, 0x0000000703f00000, 0x0000000704000000|  0%| F|  |TAMS 0x0000000703f00000, 0x0000000703f00000| Untracked 
|  32|0x0000000704000000, 0x0000000704000000, 0x0000000704100000|  0%| F|  |TAMS 0x0000000704000000, 0x0000000704000000| Untracked 
|  33|0x0000000704100000, 0x0000000704100000, 0x0000000704200000|  0%| F|  |TAMS 0x0000000704100000, 0x0000000704100000| Untracked 
|  34|0x0000000704200000, 0x0000000704200000, 0x0000000704300000|  0%| F|  |TAMS 0x0000000704200000, 0x0000000704200000| Untracked 
|  35|0x0000000704300000, 0x0000000704300000, 0x0000000704400000|  0%| F|  |TAMS 0x0000000704300000, 0x0000000704300000| Untracked 
|  36|0x0000000704400000, 0x0000000704400000, 0x0000000704500000|  0%| F|  |TAMS 0x0000000704400000, 0x0000000704400000| Untracked 
|  37|0x0000000704500000, 0x0000000704500000, 0x0000000704600000|  0%| F|  |TAMS 0x0000000704500000, 0x0000000704500000| Untracked 
|  38|0x0000000704600000, 0x0000000704600000, 0x0000000704700000|  0%| F|  |TAMS 0x0000000704600000, 0x0000000704600000| Untracked 
|  39|0x0000000704700000, 0x0000000704700000, 0x0000000704800000|  0%| F|  |TAMS 0x0000000704700000, 0x0000000704700000| Untracked 
|  40|0x0000000704800000, 0x0000000704800000, 0x0000000704900000|  0%| F|  |TAMS 0x0000000704800000, 0x0000000704800000| Untracked 
|  41|0x0000000704900000, 0x0000000704900000, 0x0000000704a00000|  0%| F|  |TAMS 0x0000000704900000, 0x0000000704900000| Untracked 
|  42|0x0000000704a00000, 0x0000000704a00000, 0x0000000704b00000|  0%| F|  |TAMS 0x0000000704a00000, 0x0000000704a00000| Untracked 
|  43|0x0000000704b00000, 0x0000000704b00000, 0x0000000704c00000|  0%| F|  |TAMS 0x0000000704b00000, 0x0000000704b00000| Untracked 
|  44|0x0000000704c00000, 0x0000000704c00000, 0x0000000704d00000|  0%| F|  |TAMS 0x0000000704c00000, 0x0000000704c00000| Untracked 
|  45|0x0000000704d00000, 0x0000000704d00000, 0x0000000704e00000|  0%| F|  |TAMS 0x0000000704d00000, 0x0000000704d00000| Untracked 
|  46|0x0000000704e00000, 0x0000000704e00000, 0x0000000704f00000|  0%| F|  |TAMS 0x0000000704e00000, 0x0000000704e00000| Untracked 
|  47|0x0000000704f00000, 0x0000000704f00000, 0x0000000705000000|  0%| F|  |TAMS 0x0000000704f00000, 0x0000000704f00000| Untracked 
|  48|0x0000000705000000, 0x0000000705000000, 0x0000000705100000|  0%| F|  |TAMS 0x0000000705000000, 0x0000000705000000| Untracked 
|  49|0x0000000705100000, 0x0000000705100000, 0x0000000705200000|  0%| F|  |TAMS 0x0000000705100000, 0x0000000705100000| Untracked 
|  50|0x0000000705200000, 0x0000000705200000, 0x0000000705300000|  0%| F|  |TAMS 0x0000000705200000, 0x0000000705200000| Untracked 
|  51|0x0000000705300000, 0x0000000705300000, 0x0000000705400000|  0%| F|  |TAMS 0x0000000705300000, 0x0000000705300000| Untracked 
|  52|0x0000000705400000, 0x0000000705400000, 0x0000000705500000|  0%| F|  |TAMS 0x0000000705400000, 0x0000000705400000| Untracked 
|  53|0x0000000705500000, 0x0000000705500000, 0x0000000705600000|  0%| F|  |TAMS 0x0000000705500000, 0x0000000705500000| Untracked 
|  54|0x0000000705600000, 0x0000000705600000, 0x0000000705700000|  0%| F|  |TAMS 0x0000000705600000, 0x0000000705600000| Untracked 
|  55|0x0000000705700000, 0x0000000705700000, 0x0000000705800000|  0%| F|  |TAMS 0x0000000705700000, 0x0000000705700000| Untracked 
|  56|0x0000000705800000, 0x0000000705800000, 0x0000000705900000|  0%| F|  |TAMS 0x0000000705800000, 0x0000000705800000| Untracked 
|  57|0x0000000705900000, 0x0000000705900000, 0x0000000705a00000|  0%| F|  |TAMS 0x0000000705900000, 0x0000000705900000| Untracked 
|  58|0x0000000705a00000, 0x0000000705a00000, 0x0000000705b00000|  0%| F|  |TAMS 0x0000000705a00000, 0x0000000705a00000| Untracked 
|  59|0x0000000705b00000, 0x0000000705b00000, 0x0000000705c00000|  0%| F|  |TAMS 0x0000000705b00000, 0x0000000705b00000| Untracked 
|  60|0x0000000705c00000, 0x0000000705c00000, 0x0000000705d00000|  0%| F|  |TAMS 0x0000000705c00000, 0x0000000705c00000| Untracked 
|  61|0x0000000705d00000, 0x0000000705d00000, 0x0000000705e00000|  0%| F|  |TAMS 0x0000000705d00000, 0x0000000705d00000| Untracked 
|  62|0x0000000705e00000, 0x0000000705e00000, 0x0000000705f00000|  0%| F|  |TAMS 0x0000000705e00000, 0x0000000705e00000| Untracked 
|  63|0x0000000705f00000, 0x0000000705f00000, 0x0000000706000000|  0%| F|  |TAMS 0x0000000705f00000, 0x0000000705f00000| Untracked 
|  64|0x0000000706000000, 0x0000000706000000, 0x0000000706100000|  0%| F|  |TAMS 0x0000000706000000, 0x0000000706000000| Untracked 
|  65|0x0000000706100000, 0x0000000706100000, 0x0000000706200000|  0%| F|  |TAMS 0x0000000706100000, 0x0000000706100000| Untracked 
|  66|0x0000000706200000, 0x0000000706200000, 0x0000000706300000|  0%| F|  |TAMS 0x0000000706200000, 0x0000000706200000| Untracked 
|  67|0x0000000706300000, 0x0000000706300000, 0x0000000706400000|  0%| F|  |TAMS 0x0000000706300000, 0x0000000706300000| Untracked 
|  68|0x0000000706400000, 0x0000000706400000, 0x0000000706500000|  0%| F|  |TAMS 0x0000000706400000, 0x0000000706400000| Untracked 
|  69|0x0000000706500000, 0x0000000706500000, 0x0000000706600000|  0%| F|  |TAMS 0x0000000706500000, 0x0000000706500000| Untracked 
|  70|0x0000000706600000, 0x0000000706600000, 0x0000000706700000|  0%| F|  |TAMS 0x0000000706600000, 0x0000000706600000| Untracked 
|  71|0x0000000706700000, 0x0000000706700000, 0x0000000706800000|  0%| F|  |TAMS 0x0000000706700000, 0x0000000706700000| Untracked 
|  72|0x0000000706800000, 0x0000000706800000, 0x0000000706900000|  0%| F|  |TAMS 0x0000000706800000, 0x0000000706800000| Untracked 
|  73|0x0000000706900000, 0x0000000706900000, 0x0000000706a00000|  0%| F|  |TAMS 0x0000000706900000, 0x0000000706900000| Untracked 
|  74|0x0000000706a00000, 0x0000000706a00000, 0x0000000706b00000|  0%| F|  |TAMS 0x0000000706a00000, 0x0000000706a00000| Untracked 
|  75|0x0000000706b00000, 0x0000000706b00000, 0x0000000706c00000|  0%| F|  |TAMS 0x0000000706b00000, 0x0000000706b00000| Untracked 
|  76|0x0000000706c00000, 0x0000000706c00000, 0x0000000706d00000|  0%| F|  |TAMS 0x0000000706c00000, 0x0000000706c00000| Untracked 
|  77|0x0000000706d00000, 0x0000000706d00000, 0x0000000706e00000|  0%| F|  |TAMS 0x0000000706d00000, 0x0000000706d00000| Untracked 
|  78|0x0000000706e00000, 0x0000000706e00000, 0x0000000706f00000|  0%| F|  |TAMS 0x0000000706e00000, 0x0000000706e00000| Untracked 
|  79|0x0000000706f00000, 0x0000000706f00000, 0x0000000707000000|  0%| F|  |TAMS 0x0000000706f00000, 0x0000000706f00000| Untracked 
|  80|0x0000000707000000, 0x0000000707000000, 0x0000000707100000|  0%| F|  |TAMS 0x0000000707000000, 0x0000000707000000| Untracked 
|  81|0x0000000707100000, 0x0000000707100000, 0x0000000707200000|  0%| F|  |TAMS 0x0000000707100000, 0x0000000707100000| Untracked 
|  82|0x0000000707200000, 0x0000000707200000, 0x0000000707300000|  0%| F|  |TAMS 0x0000000707200000, 0x0000000707200000| Untracked 
|  83|0x0000000707300000, 0x0000000707300000, 0x0000000707400000|  0%| F|  |TAMS 0x0000000707300000, 0x0000000707300000| Untracked 
|  84|0x0000000707400000, 0x0000000707400000, 0x0000000707500000|  0%| F|  |TAMS 0x0000000707400000, 0x0000000707400000| Untracked 
|  85|0x0000000707500000, 0x0000000707500000, 0x0000000707600000|  0%| F|  |TAMS 0x0000000707500000, 0x0000000707500000| Untracked 
|  86|0x0000000707600000, 0x0000000707600000, 0x0000000707700000|  0%| F|  |TAMS 0x0000000707600000, 0x0000000707600000| Untracked 
|  87|0x0000000707700000, 0x0000000707700000, 0x0000000707800000|  0%| F|  |TAMS 0x0000000707700000, 0x0000000707700000| Untracked 
|  88|0x0000000707800000, 0x0000000707800000, 0x0000000707900000|  0%| F|  |TAMS 0x0000000707800000, 0x0000000707800000| Untracked 
|  89|0x0000000707900000, 0x0000000707900000, 0x0000000707a00000|  0%| F|  |TAMS 0x0000000707900000, 0x0000000707900000| Untracked 
|  90|0x0000000707a00000, 0x0000000707a00000, 0x0000000707b00000|  0%| F|  |TAMS 0x0000000707a00000, 0x0000000707a00000| Untracked 
|  91|0x0000000707b00000, 0x0000000707b00000, 0x0000000707c00000|  0%| F|  |TAMS 0x0000000707b00000, 0x0000000707b00000| Untracked 
|  92|0x0000000707c00000, 0x0000000707c00000, 0x0000000707d00000|  0%| F|  |TAMS 0x0000000707c00000, 0x0000000707c00000| Untracked 
|  93|0x0000000707d00000, 0x0000000707d00000, 0x0000000707e00000|  0%| F|  |TAMS 0x0000000707d00000, 0x0000000707d00000| Untracked 
|  94|0x0000000707e00000, 0x0000000707e00000, 0x0000000707f00000|  0%| F|  |TAMS 0x0000000707e00000, 0x0000000707e00000| Untracked 
|  95|0x0000000707f00000, 0x0000000707faa430, 0x0000000708000000| 66%| S|CS|TAMS 0x0000000707f00000, 0x0000000707f00000| Complete 
|  96|0x0000000708000000, 0x0000000708100000, 0x0000000708100000|100%| S|CS|TAMS 0x0000000708000000, 0x0000000708000000| Complete 
|  97|0x0000000708100000, 0x0000000708200000, 0x0000000708200000|100%| S|CS|TAMS 0x0000000708100000, 0x0000000708100000| Complete 
|  98|0x0000000708200000, 0x0000000708300000, 0x0000000708300000|100%| S|CS|TAMS 0x0000000708200000, 0x0000000708200000| Complete 
|  99|0x0000000708300000, 0x0000000708400000, 0x0000000708400000|100%| S|CS|TAMS 0x0000000708300000, 0x0000000708300000| Complete 
| 100|0x0000000708400000, 0x0000000708500000, 0x0000000708500000|100%| S|CS|TAMS 0x0000000708400000, 0x0000000708400000| Complete 
| 101|0x0000000708500000, 0x0000000708600000, 0x0000000708600000|100%| S|CS|TAMS 0x0000000708500000, 0x0000000708500000| Complete 
| 102|0x0000000708600000, 0x0000000708700000, 0x0000000708700000|100%| S|CS|TAMS 0x0000000708600000, 0x0000000708600000| Complete 
| 103|0x0000000708700000, 0x0000000708800000, 0x0000000708800000|100%| S|CS|TAMS 0x0000000708700000, 0x0000000708700000| Complete 
| 104|0x0000000708800000, 0x0000000708900000, 0x0000000708900000|100%| S|CS|TAMS 0x0000000708800000, 0x0000000708800000| Complete 
| 105|0x0000000708900000, 0x0000000708a00000, 0x0000000708a00000|100%| S|CS|TAMS 0x0000000708900000, 0x0000000708900000| Complete 
| 106|0x0000000708a00000, 0x0000000708b00000, 0x0000000708b00000|100%| S|CS|TAMS 0x0000000708a00000, 0x0000000708a00000| Complete 
| 107|0x0000000708b00000, 0x0000000708c00000, 0x0000000708c00000|100%| S|CS|TAMS 0x0000000708b00000, 0x0000000708b00000| Complete 
| 108|0x0000000708c00000, 0x0000000708d00000, 0x0000000708d00000|100%| S|CS|TAMS 0x0000000708c00000, 0x0000000708c00000| Complete 
| 109|0x0000000708d00000, 0x0000000708d00000, 0x0000000708e00000|  0%| F|  |TAMS 0x0000000708d00000, 0x0000000708d00000| Untracked 
| 110|0x0000000708e00000, 0x0000000708e00000, 0x0000000708f00000|  0%| F|  |TAMS 0x0000000708e00000, 0x0000000708e00000| Untracked 
| 111|0x0000000708f00000, 0x0000000708f00000, 0x0000000709000000|  0%| F|  |TAMS 0x0000000708f00000, 0x0000000708f00000| Untracked 
| 112|0x0000000709000000, 0x0000000709000000, 0x0000000709100000|  0%| F|  |TAMS 0x0000000709000000, 0x0000000709000000| Untracked 
| 113|0x0000000709100000, 0x0000000709100000, 0x0000000709200000|  0%| F|  |TAMS 0x0000000709100000, 0x0000000709100000| Untracked 
| 114|0x0000000709200000, 0x0000000709200000, 0x0000000709300000|  0%| F|  |TAMS 0x0000000709200000, 0x0000000709200000| Untracked 
| 115|0x0000000709300000, 0x0000000709300000, 0x0000000709400000|  0%| F|  |TAMS 0x0000000709300000, 0x0000000709300000| Untracked 
| 116|0x0000000709400000, 0x0000000709400000, 0x0000000709500000|  0%| F|  |TAMS 0x0000000709400000, 0x0000000709400000| Untracked 
| 117|0x0000000709500000, 0x0000000709500000, 0x0000000709600000|  0%| F|  |TAMS 0x0000000709500000, 0x0000000709500000| Untracked 
| 118|0x0000000709600000, 0x0000000709600000, 0x0000000709700000|  0%| F|  |TAMS 0x0000000709600000, 0x0000000709600000| Untracked 
| 119|0x0000000709700000, 0x0000000709700000, 0x0000000709800000|  0%| F|  |TAMS 0x0000000709700000, 0x0000000709700000| Untracked 
| 120|0x0000000709800000, 0x0000000709800000, 0x0000000709900000|  0%| F|  |TAMS 0x0000000709800000, 0x0000000709800000| Untracked 
| 121|0x0000000709900000, 0x0000000709900000, 0x0000000709a00000|  0%| F|  |TAMS 0x0000000709900000, 0x0000000709900000| Untracked 
| 122|0x0000000709a00000, 0x0000000709a00000, 0x0000000709b00000|  0%| F|  |TAMS 0x0000000709a00000, 0x0000000709a00000| Untracked 
| 123|0x0000000709b00000, 0x0000000709b00000, 0x0000000709c00000|  0%| F|  |TAMS 0x0000000709b00000, 0x0000000709b00000| Untracked 
| 124|0x0000000709c00000, 0x0000000709c00000, 0x0000000709d00000|  0%| F|  |TAMS 0x0000000709c00000, 0x0000000709c00000| Untracked 
| 125|0x0000000709d00000, 0x0000000709d00000, 0x0000000709e00000|  0%| F|  |TAMS 0x0000000709d00000, 0x0000000709d00000| Untracked 
| 126|0x0000000709e00000, 0x0000000709e00000, 0x0000000709f00000|  0%| F|  |TAMS 0x0000000709e00000, 0x0000000709e00000| Untracked 
| 127|0x0000000709f00000, 0x0000000709f00000, 0x000000070a000000|  0%| F|  |TAMS 0x0000000709f00000, 0x0000000709f00000| Untracked 
| 128|0x000000070a000000, 0x000000070a000000, 0x000000070a100000|  0%| F|  |TAMS 0x000000070a000000, 0x000000070a000000| Untracked 
| 129|0x000000070a100000, 0x000000070a100000, 0x000000070a200000|  0%| F|  |TAMS 0x000000070a100000, 0x000000070a100000| Untracked 
| 130|0x000000070a200000, 0x000000070a200000, 0x000000070a300000|  0%| F|  |TAMS 0x000000070a200000, 0x000000070a200000| Untracked 
| 131|0x000000070a300000, 0x000000070a300000, 0x000000070a400000|  0%| F|  |TAMS 0x000000070a300000, 0x000000070a300000| Untracked 
| 132|0x000000070a400000, 0x000000070a400000, 0x000000070a500000|  0%| F|  |TAMS 0x000000070a400000, 0x000000070a400000| Untracked 
| 133|0x000000070a500000, 0x000000070a500000, 0x000000070a600000|  0%| F|  |TAMS 0x000000070a500000, 0x000000070a500000| Untracked 
| 134|0x000000070a600000, 0x000000070a600000, 0x000000070a700000|  0%| F|  |TAMS 0x000000070a600000, 0x000000070a600000| Untracked 
| 135|0x000000070a700000, 0x000000070a700000, 0x000000070a800000|  0%| F|  |TAMS 0x000000070a700000, 0x000000070a700000| Untracked 
| 136|0x000000070a800000, 0x000000070a800000, 0x000000070a900000|  0%| F|  |TAMS 0x000000070a800000, 0x000000070a800000| Untracked 
| 137|0x000000070a900000, 0x000000070a900000, 0x000000070aa00000|  0%| F|  |TAMS 0x000000070a900000, 0x000000070a900000| Untracked 
| 138|0x000000070aa00000, 0x000000070aa00000, 0x000000070ab00000|  0%| F|  |TAMS 0x000000070aa00000, 0x000000070aa00000| Untracked 
| 139|0x000000070ab00000, 0x000000070ab00000, 0x000000070ac00000|  0%| F|  |TAMS 0x000000070ab00000, 0x000000070ab00000| Untracked 
| 140|0x000000070ac00000, 0x000000070ac00000, 0x000000070ad00000|  0%| F|  |TAMS 0x000000070ac00000, 0x000000070ac00000| Untracked 
| 141|0x000000070ad00000, 0x000000070ad00000, 0x000000070ae00000|  0%| F|  |TAMS 0x000000070ad00000, 0x000000070ad00000| Untracked 
| 142|0x000000070ae00000, 0x000000070ae00000, 0x000000070af00000|  0%| F|  |TAMS 0x000000070ae00000, 0x000000070ae00000| Untracked 
| 143|0x000000070af00000, 0x000000070af00000, 0x000000070b000000|  0%| F|  |TAMS 0x000000070af00000, 0x000000070af00000| Untracked 
| 144|0x000000070b000000, 0x000000070b000000, 0x000000070b100000|  0%| F|  |TAMS 0x000000070b000000, 0x000000070b000000| Untracked 
| 145|0x000000070b100000, 0x000000070b100000, 0x000000070b200000|  0%| F|  |TAMS 0x000000070b100000, 0x000000070b100000| Untracked 
| 146|0x000000070b200000, 0x000000070b200000, 0x000000070b300000|  0%| F|  |TAMS 0x000000070b200000, 0x000000070b200000| Untracked 
| 147|0x000000070b300000, 0x000000070b300000, 0x000000070b400000|  0%| F|  |TAMS 0x000000070b300000, 0x000000070b300000| Untracked 
| 148|0x000000070b400000, 0x000000070b400000, 0x000000070b500000|  0%| F|  |TAMS 0x000000070b400000, 0x000000070b400000| Untracked 
| 149|0x000000070b500000, 0x000000070b500000, 0x000000070b600000|  0%| F|  |TAMS 0x000000070b500000, 0x000000070b500000| Untracked 
| 150|0x000000070b600000, 0x000000070b600000, 0x000000070b700000|  0%| F|  |TAMS 0x000000070b600000, 0x000000070b600000| Untracked 
| 151|0x000000070b700000, 0x000000070b700000, 0x000000070b800000|  0%| F|  |TAMS 0x000000070b700000, 0x000000070b700000| Untracked 
| 152|0x000000070b800000, 0x000000070b800000, 0x000000070b900000|  0%| F|  |TAMS 0x000000070b800000, 0x000000070b800000| Untracked 
| 153|0x000000070b900000, 0x000000070b900000, 0x000000070ba00000|  0%| F|  |TAMS 0x000000070b900000, 0x000000070b900000| Untracked 
| 154|0x000000070ba00000, 0x000000070ba00000, 0x000000070bb00000|  0%| F|  |TAMS 0x000000070ba00000, 0x000000070ba00000| Untracked 
| 155|0x000000070bb00000, 0x000000070bb00000, 0x000000070bc00000|  0%| F|  |TAMS 0x000000070bb00000, 0x000000070bb00000| Untracked 
| 156|0x000000070bc00000, 0x000000070bc00000, 0x000000070bd00000|  0%| F|  |TAMS 0x000000070bc00000, 0x000000070bc00000| Untracked 
| 157|0x000000070bd00000, 0x000000070bd00000, 0x000000070be00000|  0%| F|  |TAMS 0x000000070bd00000, 0x000000070bd00000| Untracked 
| 158|0x000000070be00000, 0x000000070be00000, 0x000000070bf00000|  0%| F|  |TAMS 0x000000070be00000, 0x000000070be00000| Untracked 
| 159|0x000000070bf00000, 0x000000070bf00000, 0x000000070c000000|  0%| F|  |TAMS 0x000000070bf00000, 0x000000070bf00000| Untracked 
| 160|0x000000070c000000, 0x000000070c000000, 0x000000070c100000|  0%| F|  |TAMS 0x000000070c000000, 0x000000070c000000| Untracked 
| 161|0x000000070c100000, 0x000000070c100000, 0x000000070c200000|  0%| F|  |TAMS 0x000000070c100000, 0x000000070c100000| Untracked 
| 162|0x000000070c200000, 0x000000070c200000, 0x000000070c300000|  0%| F|  |TAMS 0x000000070c200000, 0x000000070c200000| Untracked 
| 163|0x000000070c300000, 0x000000070c300000, 0x000000070c400000|  0%| F|  |TAMS 0x000000070c300000, 0x000000070c300000| Untracked 
| 164|0x000000070c400000, 0x000000070c400000, 0x000000070c500000|  0%| F|  |TAMS 0x000000070c400000, 0x000000070c400000| Untracked 
| 165|0x000000070c500000, 0x000000070c500000, 0x000000070c600000|  0%| F|  |TAMS 0x000000070c500000, 0x000000070c500000| Untracked 
| 166|0x000000070c600000, 0x000000070c600000, 0x000000070c700000|  0%| F|  |TAMS 0x000000070c600000, 0x000000070c600000| Untracked 
| 167|0x000000070c700000, 0x000000070c700000, 0x000000070c800000|  0%| F|  |TAMS 0x000000070c700000, 0x000000070c700000| Untracked 
| 168|0x000000070c800000, 0x000000070c800000, 0x000000070c900000|  0%| F|  |TAMS 0x000000070c800000, 0x000000070c800000| Untracked 
| 169|0x000000070c900000, 0x000000070c900000, 0x000000070ca00000|  0%| F|  |TAMS 0x000000070c900000, 0x000000070c900000| Untracked 
| 170|0x000000070ca00000, 0x000000070ca00000, 0x000000070cb00000|  0%| F|  |TAMS 0x000000070ca00000, 0x000000070ca00000| Untracked 
| 171|0x000000070cb00000, 0x000000070cb00000, 0x000000070cc00000|  0%| F|  |TAMS 0x000000070cb00000, 0x000000070cb00000| Untracked 
| 172|0x000000070cc00000, 0x000000070cc00000, 0x000000070cd00000|  0%| F|  |TAMS 0x000000070cc00000, 0x000000070cc00000| Untracked 
| 173|0x000000070cd00000, 0x000000070cd00000, 0x000000070ce00000|  0%| F|  |TAMS 0x000000070cd00000, 0x000000070cd00000| Untracked 
| 174|0x000000070ce00000, 0x000000070ce00000, 0x000000070cf00000|  0%| F|  |TAMS 0x000000070ce00000, 0x000000070ce00000| Untracked 
| 175|0x000000070cf00000, 0x000000070cf00000, 0x000000070d000000|  0%| F|  |TAMS 0x000000070cf00000, 0x000000070cf00000| Untracked 
| 176|0x000000070d000000, 0x000000070d000000, 0x000000070d100000|  0%| F|  |TAMS 0x000000070d000000, 0x000000070d000000| Untracked 
| 177|0x000000070d100000, 0x000000070d100000, 0x000000070d200000|  0%| F|  |TAMS 0x000000070d100000, 0x000000070d100000| Untracked 
| 178|0x000000070d200000, 0x000000070d200000, 0x000000070d300000|  0%| F|  |TAMS 0x000000070d200000, 0x000000070d200000| Untracked 
| 179|0x000000070d300000, 0x000000070d300000, 0x000000070d400000|  0%| F|  |TAMS 0x000000070d300000, 0x000000070d300000| Untracked 
| 180|0x000000070d400000, 0x000000070d400000, 0x000000070d500000|  0%| F|  |TAMS 0x000000070d400000, 0x000000070d400000| Untracked 
| 181|0x000000070d500000, 0x000000070d500000, 0x000000070d600000|  0%| F|  |TAMS 0x000000070d500000, 0x000000070d500000| Untracked 
| 182|0x000000070d600000, 0x000000070d600000, 0x000000070d700000|  0%| F|  |TAMS 0x000000070d600000, 0x000000070d600000| Untracked 
| 183|0x000000070d700000, 0x000000070d700000, 0x000000070d800000|  0%| F|  |TAMS 0x000000070d700000, 0x000000070d700000| Untracked 
| 184|0x000000070d800000, 0x000000070d800000, 0x000000070d900000|  0%| F|  |TAMS 0x000000070d800000, 0x000000070d800000| Untracked 
| 185|0x000000070d900000, 0x000000070d900000, 0x000000070da00000|  0%| F|  |TAMS 0x000000070d900000, 0x000000070d900000| Untracked 
| 186|0x000000070da00000, 0x000000070da00000, 0x000000070db00000|  0%| F|  |TAMS 0x000000070da00000, 0x000000070da00000| Untracked 
| 187|0x000000070db00000, 0x000000070db00000, 0x000000070dc00000|  0%| F|  |TAMS 0x000000070db00000, 0x000000070db00000| Untracked 
| 188|0x000000070dc00000, 0x000000070dc00000, 0x000000070dd00000|  0%| F|  |TAMS 0x000000070dc00000, 0x000000070dc00000| Untracked 
| 189|0x000000070dd00000, 0x000000070dd00000, 0x000000070de00000|  0%| F|  |TAMS 0x000000070dd00000, 0x000000070dd00000| Untracked 
| 190|0x000000070de00000, 0x000000070de00000, 0x000000070df00000|  0%| F|  |TAMS 0x000000070de00000, 0x000000070de00000| Untracked 
| 191|0x000000070df00000, 0x000000070df00000, 0x000000070e000000|  0%| F|  |TAMS 0x000000070df00000, 0x000000070df00000| Untracked 
| 192|0x000000070e000000, 0x000000070e000000, 0x000000070e100000|  0%| F|  |TAMS 0x000000070e000000, 0x000000070e000000| Untracked 
| 193|0x000000070e100000, 0x000000070e100000, 0x000000070e200000|  0%| F|  |TAMS 0x000000070e100000, 0x000000070e100000| Untracked 
| 194|0x000000070e200000, 0x000000070e200000, 0x000000070e300000|  0%| F|  |TAMS 0x000000070e200000, 0x000000070e200000| Untracked 
| 195|0x000000070e300000, 0x000000070e300000, 0x000000070e400000|  0%| F|  |TAMS 0x000000070e300000, 0x000000070e300000| Untracked 
| 196|0x000000070e400000, 0x000000070e400000, 0x000000070e500000|  0%| F|  |TAMS 0x000000070e400000, 0x000000070e400000| Untracked 
| 197|0x000000070e500000, 0x000000070e500000, 0x000000070e600000|  0%| F|  |TAMS 0x000000070e500000, 0x000000070e500000| Untracked 
| 198|0x000000070e600000, 0x000000070e600000, 0x000000070e700000|  0%| F|  |TAMS 0x000000070e600000, 0x000000070e600000| Untracked 
| 199|0x000000070e700000, 0x000000070e700000, 0x000000070e800000|  0%| F|  |TAMS 0x000000070e700000, 0x000000070e700000| Untracked 
| 200|0x000000070e800000, 0x000000070e800000, 0x000000070e900000|  0%| F|  |TAMS 0x000000070e800000, 0x000000070e800000| Untracked 
| 201|0x000000070e900000, 0x000000070e900000, 0x000000070ea00000|  0%| F|  |TAMS 0x000000070e900000, 0x000000070e900000| Untracked 
| 202|0x000000070ea00000, 0x000000070ea00000, 0x000000070eb00000|  0%| F|  |TAMS 0x000000070ea00000, 0x000000070ea00000| Untracked 
| 203|0x000000070eb00000, 0x000000070eb00000, 0x000000070ec00000|  0%| F|  |TAMS 0x000000070eb00000, 0x000000070eb00000| Untracked 
| 204|0x000000070ec00000, 0x000000070ec00000, 0x000000070ed00000|  0%| F|  |TAMS 0x000000070ec00000, 0x000000070ec00000| Untracked 
| 205|0x000000070ed00000, 0x000000070ed00000, 0x000000070ee00000|  0%| F|  |TAMS 0x000000070ed00000, 0x000000070ed00000| Untracked 
| 206|0x000000070ee00000, 0x000000070ee00000, 0x000000070ef00000|  0%| F|  |TAMS 0x000000070ee00000, 0x000000070ee00000| Untracked 
| 207|0x000000070ef00000, 0x000000070ef00000, 0x000000070f000000|  0%| F|  |TAMS 0x000000070ef00000, 0x000000070ef00000| Untracked 
| 208|0x000000070f000000, 0x000000070f000000, 0x000000070f100000|  0%| F|  |TAMS 0x000000070f000000, 0x000000070f000000| Untracked 
| 209|0x000000070f100000, 0x000000070f100000, 0x000000070f200000|  0%| F|  |TAMS 0x000000070f100000, 0x000000070f100000| Untracked 
| 210|0x000000070f200000, 0x000000070f200000, 0x000000070f300000|  0%| F|  |TAMS 0x000000070f200000, 0x000000070f200000| Untracked 
| 211|0x000000070f300000, 0x000000070f300000, 0x000000070f400000|  0%| F|  |TAMS 0x000000070f300000, 0x000000070f300000| Untracked 
| 212|0x000000070f400000, 0x000000070f400000, 0x000000070f500000|  0%| F|  |TAMS 0x000000070f400000, 0x000000070f400000| Untracked 
| 213|0x000000070f500000, 0x000000070f500000, 0x000000070f600000|  0%| F|  |TAMS 0x000000070f500000, 0x000000070f500000| Untracked 
| 214|0x000000070f600000, 0x000000070f600000, 0x000000070f700000|  0%| F|  |TAMS 0x000000070f600000, 0x000000070f600000| Untracked 
| 215|0x000000070f700000, 0x000000070f700000, 0x000000070f800000|  0%| F|  |TAMS 0x000000070f700000, 0x000000070f700000| Untracked 
| 216|0x000000070f800000, 0x000000070f800000, 0x000000070f900000|  0%| F|  |TAMS 0x000000070f800000, 0x000000070f800000| Untracked 
| 217|0x000000070f900000, 0x000000070f900000, 0x000000070fa00000|  0%| F|  |TAMS 0x000000070f900000, 0x000000070f900000| Untracked 
| 218|0x000000070fa00000, 0x000000070fa00000, 0x000000070fb00000|  0%| F|  |TAMS 0x000000070fa00000, 0x000000070fa00000| Untracked 
| 219|0x000000070fb00000, 0x000000070fb00000, 0x000000070fc00000|  0%| F|  |TAMS 0x000000070fb00000, 0x000000070fb00000| Untracked 
| 220|0x000000070fc00000, 0x000000070fc00000, 0x000000070fd00000|  0%| F|  |TAMS 0x000000070fc00000, 0x000000070fc00000| Untracked 
| 221|0x000000070fd00000, 0x000000070fd00000, 0x000000070fe00000|  0%| F|  |TAMS 0x000000070fd00000, 0x000000070fd00000| Untracked 
| 222|0x000000070fe00000, 0x000000070fe00000, 0x000000070ff00000|  0%| F|  |TAMS 0x000000070fe00000, 0x000000070fe00000| Untracked 
| 223|0x000000070ff00000, 0x000000070ff00000, 0x0000000710000000|  0%| F|  |TAMS 0x000000070ff00000, 0x000000070ff00000| Untracked 
| 224|0x0000000710000000, 0x0000000710000000, 0x0000000710100000|  0%| F|  |TAMS 0x0000000710000000, 0x0000000710000000| Untracked 
| 225|0x0000000710100000, 0x0000000710100000, 0x0000000710200000|  0%| F|  |TAMS 0x0000000710100000, 0x0000000710100000| Untracked 
| 226|0x0000000710200000, 0x0000000710200000, 0x0000000710300000|  0%| F|  |TAMS 0x0000000710200000, 0x0000000710200000| Untracked 
| 227|0x0000000710300000, 0x0000000710300000, 0x0000000710400000|  0%| F|  |TAMS 0x0000000710300000, 0x0000000710300000| Untracked 
| 228|0x0000000710400000, 0x0000000710400000, 0x0000000710500000|  0%| F|  |TAMS 0x0000000710400000, 0x0000000710400000| Untracked 
| 229|0x0000000710500000, 0x0000000710500000, 0x0000000710600000|  0%| F|  |TAMS 0x0000000710500000, 0x0000000710500000| Untracked 
| 230|0x0000000710600000, 0x0000000710600000, 0x0000000710700000|  0%| F|  |TAMS 0x0000000710600000, 0x0000000710600000| Untracked 
| 231|0x0000000710700000, 0x0000000710700000, 0x0000000710800000|  0%| F|  |TAMS 0x0000000710700000, 0x0000000710700000| Untracked 
| 232|0x0000000710800000, 0x0000000710800000, 0x0000000710900000|  0%| F|  |TAMS 0x0000000710800000, 0x0000000710800000| Untracked 
| 233|0x0000000710900000, 0x0000000710900000, 0x0000000710a00000|  0%| F|  |TAMS 0x0000000710900000, 0x0000000710900000| Untracked 
| 234|0x0000000710a00000, 0x0000000710a00000, 0x0000000710b00000|  0%| F|  |TAMS 0x0000000710a00000, 0x0000000710a00000| Untracked 
| 235|0x0000000710b00000, 0x0000000710b00000, 0x0000000710c00000|  0%| F|  |TAMS 0x0000000710b00000, 0x0000000710b00000| Untracked 
| 236|0x0000000710c00000, 0x0000000710c00000, 0x0000000710d00000|  0%| F|  |TAMS 0x0000000710c00000, 0x0000000710c00000| Untracked 
| 237|0x0000000710d00000, 0x0000000710d00000, 0x0000000710e00000|  0%| F|  |TAMS 0x0000000710d00000, 0x0000000710d00000| Untracked 
| 238|0x0000000710e00000, 0x0000000710e00000, 0x0000000710f00000|  0%| F|  |TAMS 0x0000000710e00000, 0x0000000710e00000| Untracked 
| 239|0x0000000710f00000, 0x0000000710f00000, 0x0000000711000000|  0%| F|  |TAMS 0x0000000710f00000, 0x0000000710f00000| Untracked 
| 240|0x0000000711000000, 0x0000000711000000, 0x0000000711100000|  0%| F|  |TAMS 0x0000000711000000, 0x0000000711000000| Untracked 
| 241|0x0000000711100000, 0x0000000711100000, 0x0000000711200000|  0%| F|  |TAMS 0x0000000711100000, 0x0000000711100000| Untracked 
| 242|0x0000000711200000, 0x0000000711200000, 0x0000000711300000|  0%| F|  |TAMS 0x0000000711200000, 0x0000000711200000| Untracked 
| 243|0x0000000711300000, 0x0000000711300000, 0x0000000711400000|  0%| F|  |TAMS 0x0000000711300000, 0x0000000711300000| Untracked 
| 244|0x0000000711400000, 0x0000000711400000, 0x0000000711500000|  0%| F|  |TAMS 0x0000000711400000, 0x0000000711400000| Untracked 
| 245|0x0000000711500000, 0x0000000711500000, 0x0000000711600000|  0%| F|  |TAMS 0x0000000711500000, 0x0000000711500000| Untracked 
| 246|0x0000000711600000, 0x0000000711600000, 0x0000000711700000|  0%| F|  |TAMS 0x0000000711600000, 0x0000000711600000| Untracked 
| 247|0x0000000711700000, 0x0000000711700000, 0x0000000711800000|  0%| F|  |TAMS 0x0000000711700000, 0x0000000711700000| Untracked 
| 248|0x0000000711800000, 0x0000000711800000, 0x0000000711900000|  0%| F|  |TAMS 0x0000000711800000, 0x0000000711800000| Untracked 
| 249|0x0000000711900000, 0x0000000711900000, 0x0000000711a00000|  0%| F|  |TAMS 0x0000000711900000, 0x0000000711900000| Untracked 
| 250|0x0000000711a00000, 0x0000000711a00000, 0x0000000711b00000|  0%| F|  |TAMS 0x0000000711a00000, 0x0000000711a00000| Untracked 
| 251|0x0000000711b00000, 0x0000000711b00000, 0x0000000711c00000|  0%| F|  |TAMS 0x0000000711b00000, 0x0000000711b00000| Untracked 
| 252|0x0000000711c00000, 0x0000000711c00000, 0x0000000711d00000|  0%| F|  |TAMS 0x0000000711c00000, 0x0000000711c00000| Untracked 
| 253|0x0000000711d00000, 0x0000000711d00000, 0x0000000711e00000|  0%| F|  |TAMS 0x0000000711d00000, 0x0000000711d00000| Untracked 

Card table byte_map: [0x000001c798b40000,0x000001c799330000] _byte_map_base: 0x000001c795330000

Marking Bits (Prev, Next): (CMBitMap*) 0x000001c7f9f500d8, (CMBitMap*) 0x000001c7f9f50110
 Prev Bits: [0x000001c799b20000, 0x000001c79daa0000)
 Next Bits: [0x000001c79daa0000, 0x000001c7a1a20000)

Polling page: 0x000001c780000000

Metaspace:

Usage:
  Non-class:     48.05 MB capacity,    47.29 MB ( 98%) used,   621.73 KB (  1%) free+waste,   161.44 KB ( <1%) overhead. 
      Class:      7.15 MB capacity,     6.63 MB ( 93%) used,   455.54 KB (  6%) free+waste,    76.38 KB (  1%) overhead. 
       Both:     55.20 MB capacity,    53.92 MB ( 98%) used,     1.05 MB (  2%) free+waste,   237.81 KB ( <1%) overhead. 

Virtual space:
  Non-class space:       50.00 MB reserved,      48.25 MB ( 97%) committed 
      Class space:        1.00 GB reserved,       7.20 MB ( <1%) committed 
             Both:        1.05 GB reserved,      55.45 MB (  5%) committed 

Chunk freelists:
   Non-Class:  10.00 KB
       Class:  6.00 KB
        Both:  16.00 KB

MaxMetaspaceSize: 17179869184.00 GB
CompressedClassSpaceSize: 1.00 GB
Initial GC threshold: 20.80 MB
Current GC threshold: 58.88 MB
CDS: off

CodeHeap 'non-profiled nmethods': size=120000Kb used=2747Kb max_used=2747Kb free=117252Kb
 bounds [0x000001c790190000, 0x000001c790440000, 0x000001c7976c0000]
CodeHeap 'profiled nmethods': size=120000Kb used=9953Kb max_used=9953Kb free=110046Kb
 bounds [0x000001c788c60000, 0x000001c789620000, 0x000001c790190000]
CodeHeap 'non-nmethods': size=5760Kb used=1287Kb max_used=1317Kb free=4472Kb
 bounds [0x000001c7886c0000, 0x000001c788930000, 0x000001c788c60000]
 total_blobs=4914 nmethods=4347 adapters=479
 compilation: enabled
              stopped_count=0, restarted_count=0
 full_count=0

Compilation events (20 events):
Event: 2.717 Thread 0x000001c7a50dd000 4350       1       org.hibernate.event.spi.EventType::ordinal (5 bytes)
Event: 2.717 Thread 0x000001c7a50dd000 nmethod 4350 0x000001c79043cc10 code [0x000001c79043cdc0, 0x000001c79043ce78]
Event: 2.717 Thread 0x000001c7a50dd000 4351   !   3       java.security.MessageDigest::getInstance (144 bytes)
Event: 2.718 Thread 0x000001c7a50dd000 nmethod 4351 0x000001c789612e10 code [0x000001c789613140, 0x000001c789614808]
Event: 2.718 Thread 0x000001c7a50dd000 4353   !   3       java.security.MessageDigest::getDigestLength (30 bytes)
Event: 2.718 Thread 0x000001c7a5276000 nmethod 4315 0x000001c79043cf10 code [0x000001c79043d1c0, 0x000001c79043e0a8]
Event: 2.718 Thread 0x000001c7a50dd000 nmethod 4353 0x000001c789614f90 code [0x000001c789615180, 0x000001c789615788]
Event: 2.718 Thread 0x000001c7a50dd000 4355       3       sun.security.ssl.SignatureScheme::valueOf (39 bytes)
Event: 2.718 Thread 0x000001c7a50dd000 nmethod 4355 0x000001c789615990 code [0x000001c789615b80, 0x000001c789615fa8]
Event: 2.718 Thread 0x000001c7a50dd000 4354       3       java.security.MessageDigest$Delegate::engineGetDigestLength (8 bytes)
Event: 2.718 Thread 0x000001c7a50dd000 nmethod 4354 0x000001c789616110 code [0x000001c7896162c0, 0x000001c789616488]
Event: 2.718 Thread 0x000001c7a50dd000 4352       3       java.util.Arrays::copyOfRange (63 bytes)
Event: 2.719 Thread 0x000001c7a50dd000 nmethod 4352 0x000001c789616590 code [0x000001c789616820, 0x000001c789617378]
Event: 2.719 Thread 0x000001c7a50dd000 4356       3       javax.crypto.Mac::getMacLength (12 bytes)
Event: 2.719 Thread 0x000001c7a50dd000 nmethod 4356 0x000001c789617790 code [0x000001c789617960, 0x000001c789617b78]
Event: 2.719 Thread 0x000001c7a50dd000 4357       3       com.sun.crypto.provider.HmacCore::engineGetMacLength (8 bytes)
Event: 2.719 Thread 0x000001c7a50dd000 nmethod 4357 0x000001c789617c90 code [0x000001c789617ea0, 0x000001c789618508]
Event: 2.719 Thread 0x000001c7a50dd000 4358       1       sun.security.ssl.SSLContextImpl::getX509KeyManager (5 bytes)
Event: 2.719 Thread 0x000001c7a50dd000 nmethod 4358 0x000001c79043ea10 code [0x000001c79043ebc0, 0x000001c79043ec78]
Event: 2.719 Thread 0x000001c7a50dd000 4360       3       org.hibernate.event.service.internal.EventListenerRegistryImpl$Builder$$Lambda$790/0x00000008006a2840::apply (11 bytes)

GC Heap History (9 events):
Event: 0.366 GC heap before
{Heap before GC invocations=0 (full 0):
 garbage-first heap   total 260096K, used 24576K [0x0000000702000000, 0x0000000800000000)
  region size 1024K, 24 young (24576K), 0 survivors (0K)
 Metaspace       used 11806K, capacity 12042K, committed 12288K, reserved 1060864K
  class space    used 1128K, capacity 1183K, committed 1280K, reserved 1048576K
}
Event: 0.368 GC heap after
{Heap after GC invocations=1 (full 0):
 garbage-first heap   total 260096K, used 7495K [0x0000000702000000, 0x0000000800000000)
  region size 1024K, 3 young (3072K), 3 survivors (3072K)
 Metaspace       used 11806K, capacity 12042K, committed 12288K, reserved 1060864K
  class space    used 1128K, capacity 1183K, committed 1280K, reserved 1048576K
}
Event: 0.701 GC heap before
{Heap before GC invocations=1 (full 0):
 garbage-first heap   total 260096K, used 59719K [0x0000000702000000, 0x0000000800000000)
  region size 1024K, 55 young (56320K), 3 survivors (3072K)
 Metaspace       used 20678K, capacity 21163K, committed 21248K, reserved 1069056K
  class space    used 2310K, capacity 2509K, committed 2560K, reserved 1048576K
}
Event: 0.704 GC heap after
{Heap after GC invocations=2 (full 0):
 garbage-first heap   total 260096K, used 9649K [0x0000000702000000, 0x0000000800000000)
  region size 1024K, 6 young (6144K), 6 survivors (6144K)
 Metaspace       used 20678K, capacity 21163K, committed 21248K, reserved 1069056K
  class space    used 2310K, capacity 2509K, committed 2560K, reserved 1048576K
}
Event: 0.957 GC heap before
{Heap before GC invocations=3 (full 0):
 garbage-first heap   total 260096K, used 73137K [0x0000000702000000, 0x0000000800000000)
  region size 1024K, 69 young (70656K), 6 survivors (6144K)
 Metaspace       used 28051K, capacity 28695K, committed 28928K, reserved 1075200K
  class space    used 3235K, capacity 3484K, committed 3584K, reserved 1048576K
}
Event: 0.961 GC heap after
{Heap after GC invocations=4 (full 0):
 garbage-first heap   total 260096K, used 12082K [0x0000000702000000, 0x0000000800000000)
  region size 1024K, 5 young (5120K), 5 survivors (5120K)
 Metaspace       used 28051K, capacity 28695K, committed 28928K, reserved 1075200K
  class space    used 3235K, capacity 3484K, committed 3584K, reserved 1048576K
}
Event: 1.494 GC heap before
{Heap before GC invocations=4 (full 0):
 garbage-first heap   total 260096K, used 81714K [0x0000000702000000, 0x0000000800000000)
  region size 1024K, 74 young (75776K), 5 survivors (5120K)
 Metaspace       used 34936K, capacity 35785K, committed 35840K, reserved 1081344K
  class space    used 4134K, capacity 4480K, committed 4480K, reserved 1048576K
}
Event: 1.501 GC heap after
{Heap after GC invocations=5 (full 0):
 garbage-first heap   total 260096K, used 14744K [0x0000000702000000, 0x0000000800000000)
  region size 1024K, 8 young (8192K), 8 survivors (8192K)
 Metaspace       used 34936K, capacity 35785K, committed 35840K, reserved 1081344K
  class space    used 4134K, capacity 4480K, committed 4480K, reserved 1048576K
}
Event: 2.719 GC heap before
{Heap before GC invocations=6 (full 0):
 garbage-first heap   total 260096K, used 155032K [0x0000000702000000, 0x0000000800000000)
  region size 1024K, 145 young (148480K), 8 survivors (8192K)
 Metaspace       used 55212K, capacity 56528K, committed 56780K, reserved 1099776K
  class space    used 6790K, capacity 7322K, committed 7372K, reserved 1048576K
}

Deoptimization events (20 events):
Event: 2.639 Thread 0x000001c7abade800 Uncommon trap: trap_request=0xffffff4d fr.pc=0x000001c790265150 relative=0x00000000000000b0
Event: 2.639 Thread 0x000001c7abade800 Uncommon trap: reason=unstable_if action=reinterpret pc=0x000001c790265150 method=java.nio.Buffer.<init>(IIII)V @ 44 c2
Event: 2.639 Thread 0x000001c7abade800 DEOPT PACKING pc=0x000001c790265150 sp=0x0000005aff5fe1b0
Event: 2.639 Thread 0x000001c7abade800 DEOPT UNPACKING pc=0x000001c7886c85af sp=0x0000005aff5fe138 mode 2
Event: 2.652 Thread 0x000001c7abade800 DEOPT PACKING pc=0x000001c78956085b sp=0x0000005aff5fdcb0
Event: 2.652 Thread 0x000001c7abade800 DEOPT UNPACKING pc=0x000001c788709d0e sp=0x0000005aff5fd0e0 mode 0
Event: 2.656 Thread 0x000001c7abade800 DEOPT PACKING pc=0x000001c78956085b sp=0x0000005aff5fde00
Event: 2.656 Thread 0x000001c7abade800 DEOPT UNPACKING pc=0x000001c788709d0e sp=0x0000005aff5fd230 mode 0
Event: 2.657 Thread 0x000001c7abade800 DEOPT PACKING pc=0x000001c78956085b sp=0x0000005aff5fd9a0
Event: 2.657 Thread 0x000001c7abade800 DEOPT UNPACKING pc=0x000001c788709d0e sp=0x0000005aff5fcdd0 mode 0
Event: 2.662 Thread 0x000001c7abade800 DEOPT PACKING pc=0x000001c78956088e sp=0x0000005aff5fdd50
Event: 2.662 Thread 0x000001c7abade800 DEOPT UNPACKING pc=0x000001c788709d0e sp=0x0000005aff5fd180 mode 0
Event: 2.662 Thread 0x000001c7abade800 DEOPT PACKING pc=0x000001c78956085b sp=0x0000005aff5fdd50
Event: 2.662 Thread 0x000001c7abade800 DEOPT UNPACKING pc=0x000001c788709d0e sp=0x0000005aff5fd180 mode 0
Event: 2.664 Thread 0x000001c7abade800 DEOPT PACKING pc=0x000001c78956a5c7 sp=0x0000005aff5fdd20
Event: 2.664 Thread 0x000001c7abade800 DEOPT UNPACKING pc=0x000001c788709d0e sp=0x0000005aff5fd1b8 mode 0
Event: 2.694 Thread 0x000001c7abade800 DEOPT PACKING pc=0x000001c78941bc12 sp=0x0000005aff5fdd80
Event: 2.694 Thread 0x000001c7abade800 DEOPT UNPACKING pc=0x000001c788709d0e sp=0x0000005aff5fd1b8 mode 0
Event: 2.697 Thread 0x000001c7abade800 DEOPT PACKING pc=0x000001c78956fc60 sp=0x0000005aff5fdd40
Event: 2.697 Thread 0x000001c7abade800 DEOPT UNPACKING pc=0x000001c788709d0e sp=0x0000005aff5fd1c8 mode 0

Classes redefined (0 events):
No events

Internal exceptions (20 events):
Event: 1.399 Thread 0x000001c7f9ef3000 Exception <a 'java/lang/ClassNotFoundException'{0x000000070e3ca7b0}: org/springframework/transaction/annotation/ProxyTransactionManagementConfigurationCustomizer> (0x000000070e3ca7b0) thrown at [./src/hotspot/share/classfile/systemDictionary.cpp, line 230]
Event: 1.399 Thread 0x000001c7f9ef3000 Exception <a 'java/lang/ClassNotFoundException'{0x000000070e3e1410}: org/springframework/context/annotation/ImportAwareCustomizer> (0x000000070e3e1410) thrown at [./src/hotspot/share/classfile/systemDictionary.cpp, line 230]
Event: 1.399 Thread 0x000001c7f9ef3000 Exception <a 'java/lang/ClassNotFoundException'{0x000000070e3f2f88}: org/springframework/beans/factory/AwareCustomizer> (0x000000070e3f2f88) thrown at [./src/hotspot/share/classfile/systemDictionary.cpp, line 230]
Event: 1.443 Thread 0x000001c7f9ef3000 Implicit null exception at 0x000001c7902e4650 to 0x000001c7902e4abc
Event: 1.445 Thread 0x000001c7f9ef3000 Exception <a 'java/lang/NoSuchMethodError'{0x000000070dd39cf8}: 'void java.lang.invoke.DelegatingMethodHandle$Holder.delegate(java.lang.Object, java.lang.Object, int, java.lang.Object)'> (0x000000070dd39cf8) thrown at [./src/hotspot/share/interpreter/linkResolver.cpp, line 773]
Event: 1.482 Thread 0x000001c7f9ef3000 Implicit null exception at 0x000001c79026e373 to 0x000001c79026f4dc
Event: 1.530 Thread 0x000001c7f9ef3000 Exception <a 'java/lang/NoSuchMethodError'{0x0000000711b58b00}: 'void java.lang.invoke.DirectMethodHandle$Holder.invokeInterface(java.lang.Object, java.lang.Object, int)'> (0x0000000711b58b00) thrown at [./src/hotspot/share/interpreter/linkResolver.cpp, line 773]
Event: 1.534 Thread 0x000001c7f9ef3000 Exception <a 'java/lang/IncompatibleClassChangeError'{0x0000000711ba3e88}: Found class java.lang.Object, but interface was expected> (0x0000000711ba3e88) thrown at [./src/hotspot/share/interpreter/linkResolver.cpp, line 839]
Event: 1.534 Thread 0x000001c7f9ef3000 Exception <a 'java/lang/NoSuchMethodError'{0x0000000711ba8d30}: 'void java.lang.invoke.DirectMethodHandle$Holder.invokeStatic(java.lang.Object, int, java.lang.Object)'> (0x0000000711ba8d30) thrown at [./src/hotspot/share/interpreter/linkResolver.cpp, line 773]
Event: 1.586 Thread 0x000001c7f9ef3000 Exception <a 'java/lang/NoSuchMethodError'{0x000000071156d7e8}: 'java.lang.Object java.lang.invoke.DirectMethodHandle$Holder.invokeStaticInit(java.lang.Object, int, int, int, int)'> (0x000000071156d7e8) thrown at [./src/hotspot/share/interpreter/linkResolver.cpp, line 773]
Event: 1.758 Thread 0x000001c7f9ef3000 Exception <a 'java/lang/NoSuchMethodError'{0x000000071142b898}: 'java.lang.Object java.lang.invoke.DirectMethodHandle$Holder.invokeStaticInit(java.lang.Object, java.lang.Object, int, int, int, int)'> (0x000000071142b898) thrown at [./src/hotspot/share/interpreter/linkResolver.cpp, line 773]
Event: 1.841 Thread 0x000001c7f9ef3000 Implicit null exception at 0x000001c79025a217 to 0x000001c79025caac
Event: 1.890 Thread 0x000001c7f9ef3000 Exception <a 'java/io/FileNotFoundException'{0x00000007102e3398}> (0x00000007102e3398) thrown at [./src/hotspot/share/prims/jni.cpp, line 617]
Event: 1.922 Thread 0x000001c7f9ef3000 Exception <a 'java/lang/NoSuchMethodError'{0x000000070ff3e430}: 'int java.lang.invoke.DirectMethodHandle$Holder.invokeInterface(java.lang.Object, java.lang.Object, java.lang.Object, java.lang.Object)'> (0x000000070ff3e430) thrown at [./src/hotspot/share/interpreter/linkResolver.cpp, line 773]
Event: 1.973 Thread 0x000001c7f9ef3000 Exception <a 'java/lang/NoSuchMethodError'{0x000000070fc9d428}: 'long java.lang.invoke.DirectMethodHandle$Holder.invokeVirtual(java.lang.Object, java.lang.Object)'> (0x000000070fc9d428) thrown at [./src/hotspot/share/interpreter/linkResolver.cpp, line 773]
Event: 1.977 Thread 0x000001c7f9ef3000 Exception <a 'java/io/FileNotFoundException'{0x000000070fcef670}> (0x000000070fcef670) thrown at [./src/hotspot/share/prims/jni.cpp, line 617]
Event: 2.425 Thread 0x000001c7f9ef3000 Exception <a 'sun/nio/fs/WindowsException'{0x000000070b2f6640}> (0x000000070b2f6640) thrown at [./src/hotspot/share/prims/jni.cpp, line 617]
Event: 2.429 Thread 0x000001c7f9ef3000 Exception <a 'java/lang/NoSuchMethodError'{0x000000070b1194c8}: 'int java.lang.invoke.DirectMethodHandle$Holder.invokeStaticInit(java.lang.Object, java.lang.Object, java.lang.Object, java.lang.Object)'> (0x000000070b1194c8) thrown at [./src/hotspot/share/interpreter/linkResolver.cpp, line 773]
Event: 2.553 Thread 0x000001c7f9ef3000 Exception <a 'java/lang/NoSuchMethodError'{0x000000070a83a170}: 'java.lang.Object java.lang.invoke.DirectMethodHandle$Holder.invokeStaticInit(java.lang.Object, java.lang.Object, java.lang.Object, java.lang.Object)'> (0x000000070a83a170) thrown at [./src/hotspot/share/interpreter/linkResolver.cpp, line 773]
Event: 2.681 Thread 0x000001c7f9ef3000 Exception <a 'java/lang/NoSuchMethodError'{0x00000007094449d0}: 'java.lang.Object java.lang.invoke.DirectMethodHandle$Holder.newInvokeSpecial(java.lang.Object, java.lang.Object, int, java.lang.Object, java.lang.Object)'> (0x00000007094449d0) thrown at [./src/hotspot/share/interpreter/linkResolver.cpp, line 773]

Events (20 events):
Event: 2.717 loading class org/hibernate/event/internal/PostInsertEventListenerStandardImpl done
Event: 2.717 loading class org/hibernate/event/internal/DefaultPostLoadEventListener
Event: 2.717 loading class org/hibernate/event/internal/DefaultPostLoadEventListener done
Event: 2.718 loading class org/hibernate/action/spi/BeforeTransactionCompletionProcess
Event: 2.718 loading class org/hibernate/action/spi/BeforeTransactionCompletionProcess done
Event: 2.718 loading class org/hibernate/event/internal/PostUpdateEventListenerStandardImpl
Event: 2.718 loading class org/hibernate/event/internal/PostUpdateEventListenerStandardImpl done
Event: 2.718 loading class org/hibernate/event/internal/DefaultUpdateEventListener
Event: 2.718 loading class org/hibernate/event/internal/DefaultUpdateEventListener done
Event: 2.718 loading class org/hibernate/event/internal/DefaultSaveOrUpdateEventListener
Event: 2.718 loading class org/hibernate/event/internal/DefaultSaveOrUpdateEventListener done
Event: 2.719 loading class org/hibernate/event/spi/SaveOrUpdateEvent
Event: 2.719 loading class org/hibernate/event/spi/SaveOrUpdateEvent done
Event: 2.719 loading class org/hibernate/internal/CoreMessageLogger_$logger_ru_RU
Event: 2.719 loading class org/hibernate/internal/CoreMessageLogger_$logger_ru_RU done
Event: 2.719 loading class org/hibernate/internal/CoreMessageLogger_$logger_ru
Event: 2.719 loading class org/hibernate/internal/CoreMessageLogger_$logger_ru done
Event: 2.719 loading class org/hibernate/event/internal/DefaultRefreshEventListener
Event: 2.719 loading class org/hibernate/event/internal/DefaultRefreshEventListener done
Event: 2.719 Executing VM operation: G1CollectForAllocation


Dynamic libraries:
0x00007ff776e80000 - 0x00007ff776e8d000 	C:\Users\morning\.jdks\corretto-11.0.17\bin\java.exe
0x00007ff87a130000 - 0x00007ff87a328000 	C:\Windows\SYSTEM32\ntdll.dll
0x00007ff878170000 - 0x00007ff87822f000 	C:\Windows\System32\KERNEL32.DLL
0x00007ff877c10000 - 0x00007ff877ee2000 	C:\Windows\System32\KERNELBASE.dll
0x00007ff878020000 - 0x00007ff878120000 	C:\Windows\System32\ucrtbase.dll
0x00007ff8548a0000 - 0x00007ff8548b7000 	C:\Users\morning\.jdks\corretto-11.0.17\bin\jli.dll
0x00007ff859190000 - 0x00007ff8591a9000 	C:\Users\morning\.jdks\corretto-11.0.17\bin\VCRUNTIME140.dll
0x00007ff878540000 - 0x00007ff8786e1000 	C:\Windows\System32\USER32.dll
0x00007ff865620000 - 0x00007ff8658ba000 	C:\Windows\WinSxS\amd64_microsoft.windows.common-controls_6595b64144ccf1df_6.0.19041.1110_none_60b5254171f9507e\COMCTL32.dll
0x00007ff877820000 - 0x00007ff877842000 	C:\Windows\System32\win32u.dll
0x00007ff878820000 - 0x00007ff8788be000 	C:\Windows\System32\msvcrt.dll
0x00007ff878920000 - 0x00007ff87894b000 	C:\Windows\System32\GDI32.dll
0x00007ff877b00000 - 0x00007ff877c0f000 	C:\Windows\System32\gdi32full.dll
0x00007ff877ef0000 - 0x00007ff877f8d000 	C:\Windows\System32\msvcp_win.dll
0x00007ff87a050000 - 0x00007ff87a082000 	C:\Windows\System32\IMM32.DLL
0x00007ff839850000 - 0x00007ff8398eb000 	C:\Users\morning\.jdks\corretto-11.0.17\bin\msvcp140.dll
0x00007ff82f680000 - 0x00007ff830205000 	C:\Users\morning\.jdks\corretto-11.0.17\bin\server\jvm.dll
0x00007ff879fa0000 - 0x00007ff87a04e000 	C:\Windows\System32\ADVAPI32.dll
0x00007ff879f00000 - 0x00007ff879f9c000 	C:\Windows\System32\sechost.dll
0x00007ff8797f0000 - 0x00007ff879915000 	C:\Windows\System32\RPCRT4.dll
0x00007ff879290000 - 0x00007ff879298000 	C:\Windows\System32\PSAPI.DLL
0x00007ff8717a0000 - 0x00007ff8717aa000 	C:\Windows\SYSTEM32\VERSION.dll
0x00007ff85e640000 - 0x00007ff85e649000 	C:\Windows\SYSTEM32\WSOCK32.dll
0x00007ff86e3c0000 - 0x00007ff86e3e7000 	C:\Windows\SYSTEM32\WINMM.dll
0x00007ff879160000 - 0x00007ff8791cb000 	C:\Windows\System32\WS2_32.dll
0x00007ff875700000 - 0x00007ff875712000 	C:\Windows\SYSTEM32\kernel.appcore.dll
0x00007ff86a7e0000 - 0x00007ff86a7f0000 	C:\Users\morning\.jdks\corretto-11.0.17\bin\verify.dll
0x00007ff866c40000 - 0x00007ff866e24000 	C:\Windows\SYSTEM32\DBGHELP.DLL
0x00007ff8603a0000 - 0x00007ff8603d5000 	C:\Windows\SYSTEM32\dbgcore.DLL
0x00007ff877f90000 - 0x00007ff878012000 	C:\Windows\System32\bcryptPrimitives.dll
0x00007ff84e8b0000 - 0x00007ff84e8d8000 	C:\Users\morning\.jdks\corretto-11.0.17\bin\java.dll
0x00007ff866e30000 - 0x00007ff866e3a000 	C:\Users\morning\.jdks\corretto-11.0.17\bin\jimage.dll
0x00007ff872490000 - 0x00007ff87249e000 	C:\Users\morning\.jdks\corretto-11.0.17\bin\instrument.dll
0x00007ff854040000 - 0x00007ff854058000 	C:\Users\morning\.jdks\corretto-11.0.17\bin\zip.dll
0x00007ff878950000 - 0x00007ff879094000 	C:\Windows\System32\SHELL32.dll
0x00007ff875900000 - 0x00007ff876092000 	C:\Windows\SYSTEM32\windows.storage.dll
0x00007ff8792a0000 - 0x00007ff8795f5000 	C:\Windows\System32\combase.dll
0x00007ff877280000 - 0x00007ff8772b0000 	C:\Windows\SYSTEM32\Wldp.dll
0x00007ff8790a0000 - 0x00007ff87914d000 	C:\Windows\System32\SHCORE.dll
0x00007ff87a090000 - 0x00007ff87a0e5000 	C:\Windows\System32\shlwapi.dll
0x00007ff877760000 - 0x00007ff87777f000 	C:\Windows\SYSTEM32\profapi.dll
0x00007ff84e6e0000 - 0x00007ff84e6f9000 	C:\Users\morning\.jdks\corretto-11.0.17\bin\net.dll
0x00007ff871060000 - 0x00007ff87116c000 	C:\Windows\SYSTEM32\WINHTTP.dll
0x00007ff876fe0000 - 0x00007ff87704a000 	C:\Windows\system32\mswsock.dll
0x00007ff843860000 - 0x00007ff843873000 	C:\Users\morning\.jdks\corretto-11.0.17\bin\nio.dll
0x00007ff86f400000 - 0x00007ff86f41a000 	D:\IDE\IntelliJ IDEA Community Edition 2022.2.1\bin\breakgen64.dll
0x00007ff86f3f0000 - 0x00007ff86f3f9000 	C:\Users\morning\.jdks\corretto-11.0.17\bin\management.dll
0x00007ff86f200000 - 0x00007ff86f20b000 	C:\Users\morning\.jdks\corretto-11.0.17\bin\management_ext.dll
0x00007ff85ce00000 - 0x00007ff85ce17000 	C:\Windows\system32\napinsp.dll
0x00007ff85cde0000 - 0x00007ff85cdfb000 	C:\Windows\system32\pnrpnsp.dll
0x00007ff85cd80000 - 0x00007ff85cd95000 	C:\Windows\system32\wshbth.dll
0x00007ff873330000 - 0x00007ff87334d000 	C:\Windows\system32\NLAapi.dll
0x00007ff876c50000 - 0x00007ff876c8b000 	C:\Windows\SYSTEM32\IPHLPAPI.DLL
0x00007ff876ca0000 - 0x00007ff876d6a000 	C:\Windows\SYSTEM32\DNSAPI.dll
0x00007ff879a80000 - 0x00007ff879a88000 	C:\Windows\System32\NSI.dll
0x00007ff85cd60000 - 0x00007ff85cd72000 	C:\Windows\System32\winrnr.dll
0x00007ff871700000 - 0x00007ff87170a000 	C:\Windows\System32\rasadhlp.dll
0x00007ff86f860000 - 0x00007ff86f8e0000 	C:\Windows\System32\fwpuclnt.dll
0x00007ff877850000 - 0x00007ff877877000 	C:\Windows\System32\bcrypt.dll
0x00007ff8771d0000 - 0x00007ff8771e8000 	C:\Windows\SYSTEM32\CRYPTSP.dll
0x00007ff876810000 - 0x00007ff876844000 	C:\Windows\system32\rsaenh.dll
0x00007ff877720000 - 0x00007ff87774e000 	C:\Windows\SYSTEM32\USERENV.dll
0x00007ff8771f0000 - 0x00007ff8771fc000 	C:\Windows\SYSTEM32\CRYPTBASE.dll
0x00007ff871c10000 - 0x00007ff871c27000 	C:\Windows\SYSTEM32\dhcpcsvc6.DLL
0x00007ff871bf0000 - 0x00007ff871c0d000 	C:\Windows\SYSTEM32\dhcpcsvc.DLL
0x00007ff86e8c0000 - 0x00007ff86e8e5000 	C:\Users\morning\.jdks\corretto-11.0.17\bin\sunec.dll
0x00007ff86e910000 - 0x00007ff86e91e000 	C:\Users\morning\.jdks\corretto-11.0.17\bin\sunmscapi.dll
0x00007ff877880000 - 0x00007ff8779d6000 	C:\Windows\System32\CRYPT32.dll
0x00007ff8772f0000 - 0x00007ff877317000 	C:\Windows\SYSTEM32\ncrypt.dll
0x00007ff8772b0000 - 0x00007ff8772eb000 	C:\Windows\SYSTEM32\NTASN1.dll

dbghelp: loaded successfully - version: 4.0.5 - missing functions: none
symbol engine: initialized successfully - sym options: 0x614 - pdb path: .;C:\Users\morning\.jdks\corretto-11.0.17\bin;C:\Windows\SYSTEM32;C:\Windows\WinSxS\amd64_microsoft.windows.common-controls_6595b64144ccf1df_6.0.19041.1110_none_60b5254171f9507e;C:\Users\morning\.jdks\corretto-11.0.17\bin\server;D:\IDE\IntelliJ IDEA Community Edition 2022.2.1\bin

VM Arguments:
jvm_args: -javaagent:D:\IDE\IntelliJ IDEA Community Edition 2022.2.1\lib\idea_rt.jar=58219:D:\IDE\IntelliJ IDEA Community Edition 2022.2.1\bin -Dfile.encoding=UTF-8 
java_command: net.bot.RiceBot.RiceBotApplication
java_class_path (initial): D:\MySpace\javaProjects\RiceBot\target\classes;C:\Users\morning\.m2\repository\org\telegram\telegrambots\5.6.0\telegrambots-5.6.0.jar;C:\Users\morning\.m2\repository\org\telegram\telegrambots-meta\5.6.0\telegrambots-meta-5.6.0.jar;C:\Users\morning\.m2\repository\com\google\guava\guava\30.0-jre\guava-30.0-jre.jar;C:\Users\morning\.m2\repository\com\google\guava\failureaccess\1.0.1\failureaccess-1.0.1.jar;C:\Users\morning\.m2\repository\com\google\guava\listenablefuture\9999.0-empty-to-avoid-conflict-with-guava\listenablefuture-9999.0-empty-to-avoid-conflict-with-guava.jar;C:\Users\morning\.m2\repository\com\google\code\findbugs\jsr305\3.0.2\jsr305-3.0.2.jar;C:\Users\morning\.m2\repository\org\checkerframework\checker-qual\3.5.0\checker-qual-3.5.0.jar;C:\Users\morning\.m2\repository\com\google\errorprone\error_prone_annotations\2.3.4\error_prone_annotations-2.3.4.jar;C:\Users\morning\.m2\repository\com\google\j2objc\j2objc-annotations\1.3\j2objc-annotations-1.3.jar;C:\Users\morning\.m2\repository\com\fasterxml\jackson\core\jackson-annotations\2.13.4\jackson-annotations-2.13.4.jar;C:\Users\morning\.m2\repository\com\fasterxml\jackson\jaxrs\jackson-jaxrs-json-provider\2.13.4\jackson-jaxrs-json-provider-2.13.4.jar;C:\Users\morning\.m2\repository\com\fasterxml\jackson\jaxrs\jackson-jaxrs-base\2.13.4\jackson-jaxrs-base-2.13.4.jar;C:\Users\morning\.m2\repository\com\fasterxml\jackson\module\jackson-module-jaxb-annotations\2.13.4\jackson-module-jaxb-annotations-2.13.4.jar;C:\Users\morning\.m2\repository\com\fasterxml\jackson\core\jackson-core\2.13.4\jackson-core-2.13.4.jar;C:\Users\morning\.m2\repository\jakarta\activation\jakarta.activation-api\1.2.2\jakarta.activation-api-1.2.2.jar;C:\Users\morning\.m2\repository\com\fasterxml\jackson\core\jackson-databind\2.13.4.2\jackson-databind-2.13.4.2.jar;C:\Users\morning\.m2\repository\org\glassfish\jersey\inject\jersey-hk2\2.35\jersey-hk2-2.35.jar;C:\Users\morning\.m2\repository\org\glassfish\jersey\cor
Launcher Type: SUN_STANDARD

[Global flags]
     intx CICompilerCount                          = 4                                         {product} {ergonomic}
     uint ConcGCThreads                            = 3                                         {product} {ergonomic}
     uint G1ConcRefinementThreads                  = 10                                        {product} {ergonomic}
   size_t G1HeapRegionSize                         = 1048576                                   {product} {ergonomic}
    uintx GCDrainStackTargetSize                   = 64                                        {product} {ergonomic}
   size_t InitialHeapSize                          = 266338304                                 {product} {ergonomic}
   size_t MarkStackSize                            = 4194304                                   {product} {ergonomic}
   size_t MaxHeapSize                              = 4261412864                                {product} {ergonomic}
   size_t MaxNewSize                               = 2556428288                                {product} {ergonomic}
   size_t MinHeapDeltaBytes                        = 1048576                                   {product} {ergonomic}
    uintx NonNMethodCodeHeapSize                   = 5836300                                {pd product} {ergonomic}
    uintx NonProfiledCodeHeapSize                  = 122910970                              {pd product} {ergonomic}
    uintx ProfiledCodeHeapSize                     = 122910970                              {pd product} {ergonomic}
    uintx ReservedCodeCacheSize                    = 251658240                              {pd product} {ergonomic}
     bool SegmentedCodeCache                       = true                                      {product} {ergonomic}
     bool UseCompressedClassPointers               = true                                 {lp64_product} {ergonomic}
     bool UseCompressedOops                        = true                                 {lp64_product} {ergonomic}
     bool UseG1GC                                  = true                                      {product} {ergonomic}
     bool UseLargePagesIndividualAllocation        = false                                  {pd product} {ergonomic}

Logging:
Log output configuration:
 #0: stdout all=warning uptime,level,tags
 #1: stderr all=off uptime,level,tags

Environment Variables:
PATH=C:\ProgramData\Oracle\Java\javapath;C:\Program Files\Common Files\Oracle\Java\javapath;C:\Windows\system32;C:\Windows;C:\Windows\System32\Wbem;C:\Windows\System32\WindowsPowerShell\v1.0\;C:\Windows\System32\OpenSSH\;C:\Program Files (x86)\NVIDIA Corporation\PhysX\Common;C:\Program Files\Microsoft SQL Server\150\Tools\Binn\;C:\Program Files\Microsoft SQL Server\Client SDK\ODBC\170\Tools\Binn\;C:\Program Files\Git\cmd;C:\Program Files\dotnet\;C:\Users\morning\.cargo\bin;C:\Program Files\MySQL\MySQL Shell 8.0\bin\;C:\Users\Profit77\AppData\Local\Programs\Python\Python310\Scripts\;C:\Users\Profit77\AppData\Local\Programs\Python\Python310\;C:\Users\morning\AppData\Local\Microsoft\WindowsApps;;C:\Users\morning\.dotnet\tools;D:\IDE\IntelliJ IDEA Community Edition 2022.2.1\bin;;C:\Users\morning\AppData\Local\Programs\Microsoft VS Code\bin;C:\Program Files\JetBrains\PyCharm Community Edition 2022.2.4\bin;
USERNAME=morning
OS=Windows_NT
PROCESSOR_IDENTIFIER=Intel64 Family 6 Model 167 Stepping 1, GenuineIntel
TMP=C:\Users\morning\AppData\Local\Temp
TEMP=C:\Users\morning\AppData\Local\Temp



---------------  S Y S T E M  ---------------

OS: Windows 10 , 64 bit Build 19041 (10.0.19041.2364)
OS uptime: 6 days 21:32 hours

CPU:total 12 (initial active 12) (6 cores per cpu, 2 threads per core) family 6 model 167 stepping 1 microcode 0x40, cmov, cx8, fxsr, mmx, sse, sse2, sse3, ssse3, sse4.1, sse4.2, popcnt, avx, avx2, aes, clmul, erms, 3dnowpref, lzcnt, ht, tsc, tscinvbit, bmi1, bmi2, adx, evex, sha, fma

Memory: 4k page, system-wide physical 16251M (4032M free)
TotalPageFile size 19178M (AvailPageFile size 23M)
current process WorkingSet (physical memory assigned to process): 342M, peak: 342M
current process commit charge ("private bytes"): 475M, peak: 526M

vm_info: OpenJDK 64-Bit Server VM (11.0.17+8-LTS) for windows-amd64 JRE (11.0.17+8-LTS), built on Oct 14 2022 18:02:01 by "Administrator" with MS VC++ 15.9 (VS2017)

END.
